[2026-05-06 23:30:54] [INFO] Регистрация: saripovadel40@gmail.com
[2026-05-06 23:33:46] [INFO] Создан заказ #6 на сумму 4200 ₽
[2026-05-06 23:35:15] [WARNING] Неуспешный вход: admin@flowers.local
[2026-05-06 23:35:31] [WARNING] Неуспешный вход: admin@flowers.local
[2026-05-06 23:35:48] [WARNING] Неуспешный вход: manager@flowers.local
[2026-05-06 23:36:02] [WARNING] Неуспешный вход: admin@flowers.local
[2026-05-06 23:40:34] [WARNING] Неуспешный вход: admin@flowers.local
[2026-05-06 23:40:44] [WARNING] Неуспешный вход: adel@gmail.com
[2026-05-06 23:40:54] [WARNING] Неуспешный вход: adel@gmail.com
[2026-05-06 23:41:19] [WARNING] Неуспешный вход: ivan@example.com
[2026-05-06 23:41:25] [INFO] Вход пользователя: saripovadel40@gmail.com
[2026-05-06 23:41:55] [INFO] Вход пользователя: saripovadel40@gmail.com
[2026-05-06 23:45:43] [INFO] Создан заказ #7 на сумму 2100 ₽
[2026-05-06 23:45:59] [INFO] Изменён статус заказа #7 на 'processing'
[2026-05-06 23:46:02] [INFO] Изменён статус заказа #7 на 'delivery'
[2026-05-06 23:46:06] [INFO] Изменён статус заказа #7 на 'completed'
[2026-05-06 23:47:42] [INFO] Принята поставка: товар #5, кол-во 10
[2026-05-06 23:48:38] [INFO] Создан заказ #8 на сумму 2700 ₽
[2026-05-06 23:52:14] [INFO] Изменён статус заказа #8 на 'processing'
[2026-05-06 23:52:16] [INFO] Изменён статус заказа #8 на 'delivery'
[2026-05-06 23:52:18] [INFO] Изменён статус заказа #8 на 'completed'
[2026-05-06 23:53:26] [INFO] Принята поставка: товар #14, кол-во 15
[2026-05-06 23:54:10] [INFO] Создан заказ #9 на сумму 4900 ₽
[2026-05-07 14:10:14] [INFO] Вход пользователя: saripovadel40@gmail.com
[2026-05-08 11:13:58] [INFO] Вход пользователя: saripovadel40@gmail.com
[2026-05-08 11:14:19] [INFO] Изменён статус заказа #9 на 'processing'
[2026-05-08 11:14:24] [INFO] Изменён статус заказа #9 на 'delivery'
[2026-05-08 11:14:26] [INFO] Изменён статус заказа #9 на 'completed'
[2026-05-08 11:14:28] [INFO] Изменён статус заказа #9 на 'cancelled'
[2026-05-08 11:16:25] [INFO] Принята поставка: товар #1, кол-во 15
[2026-05-27 19:45:49] [WARNING] Неуспешный вход: saripovadel40@gmail.com
[2026-05-27 19:45:59] [WARNING] Неуспешный вход: admin@flowers.local
[2026-05-27 19:51:27] [WARNING] Неуспешный вход: admin@flowers.local
[2026-05-27 19:51:30] [WARNING] Неуспешный вход: saripovadel40@gmail.com
[2026-05-27 19:52:06] [INFO] Регистрация: saripovadel40@gmail.com
[2026-05-27 19:59:24] [INFO] Создан заказ #6 на сумму 2100 ₽
[2026-05-28 12:49:48] [INFO] Вход пользователя: saripovadel40@gmail.com
[2026-06-10 00:11:27] [INFO] Вход пользователя: saripovadel40@gmail.com
[2026-06-10 00:12:01] [INFO] Создан заказ #7 на сумму 2400 ₽
